<?xml version="1.0" encoding="utf-8"?><testsuites name="pytest tests"><testsuite name="pytest" errors="0" failures="0" skipped="0" tests="9" time="2.492" timestamp="2026-07-23T10:40:12.538301+00:00" hostname="agent-env-9d60a0d1-42c8-454e-8c3c-5c922da07f3f"><testcase classname="tests.test_ensure_env_local.TestBootstrapDelegates" name="test_bootstrap_calls_helper" time="0.000" /><testcase classname="tests.test_ensure_env_local.TestGitignore" name="test_check_ignore_returns_negation_or_not_ignored" time="0.003" /><testcase classname="tests.test_ensure_env_local.TestGitignore" name="test_git_status_ignored_does_not_list_example" time="0.117" /><testcase classname="tests.test_ensure_env_local.TestBootstrapDelegates" name="test_bootstrap_no_fragile_inline_cp" time="0.000" /><testcase classname="tests.test_ensure_env_local.TestScenarioExamplePresent" name="test_copies_from_example" time="0.013" /><testcase classname="tests.test_ensure_env_local.TestRealExampleFile" name="test_exists_with_all_keys" time="0.000" /><testcase classname="tests.test_ensure_env_local.TestSmokeRegression" name="test_smoke_test_passes" time="2.030" /><testcase classname="tests.test_ensure_env_local.TestScenarioBothMissing" name="test_creates_env_local_with_all_keys" time="0.012" /><testcase classname="tests.test_ensure_env_local.TestScenarioIdempotent" name="test_does_not_overwrite_existing" time="0.047" /></testsuite></testsuites>