<?xml version="1.0" encoding="utf-8"?><testsuites name="pytest tests"><testsuite name="pytest" errors="0" failures="0" skipped="0" tests="6" time="11.965" timestamp="2026-07-23T09:29:07.715369+00:00" hostname="agent-env-9d60a0d1-42c8-454e-8c3c-5c922da07f3f"><testcase classname="tests.backend_test" name="test_root" time="0.287" /><testcase classname="tests.backend_test" name="test_ai_workspace_laravel" time="6.190" /><testcase classname="tests.backend_test" name="test_ai_workspace_nextjs" time="4.729" /><testcase classname="tests.backend_test" name="test_ai_workspace_empty_prompt" time="0.078" /><testcase classname="tests.backend_test" name="test_workspace_export_and_list" time="0.081" /><testcase classname="tests.backend_test" name="test_status_create_and_list" time="0.116" /></testsuite></testsuites>